<?xml version="1.0" encoding="UTF-8"?>
<!-- Generated by org.testng.reporters.JUnitXMLReporter -->
<testsuite ignored="0" hostname="TVarghese-538" failures="1" tests="1" name="Test" time="77.232" errors="0" timestamp="2024-12-13T16:17:47 IST">
  <testcase classname="testCases.TC_002_LoginTest" name="verify_login" time="66.86">
    <failure type="java.lang.AssertionError" message="null">
      <![CDATA[java.lang.AssertionError: null
at testCases.TC_002_LoginTest.verify_login(TC_002_LoginTest.java:49)
at java.base/java.util.ArrayList.forEach(ArrayList.java:1597)
... Removed 31 stack frames]]>
    </failure>
  </testcase> <!-- verify_login -->
</testsuite> <!-- Test -->
